Determining if the include file pthread.h exists passed with the following output:
Change Dir: /home/mauricio/yocto-gl/CMakeFiles/CMakeTmp

Run Build Command(s):/usr/bin/make cmTC_2fbed/fast && /usr/bin/make -f CMakeFiles/cmTC_2fbed.dir/build.make CMakeFiles/cmTC_2fbed.dir/build
make[1]: Entering directory '/home/mauricio/yocto-gl/CMakeFiles/CMakeTmp'
Building C object CMakeFiles/cmTC_2fbed.dir/CheckIncludeFile.c.o
/usr/bin/cc    -o CMakeFiles/cmTC_2fbed.dir/CheckIncludeFile.c.o   -c /home/mauricio/yocto-gl/CMakeFiles/CMakeTmp/CheckIncludeFile.c
Linking C executable cmTC_2fbed
/usr/bin/cmake -E cmake_link_script CMakeFiles/cmTC_2fbed.dir/link.txt --verbose=1
/usr/bin/cc      CMakeFiles/cmTC_2fbed.dir/CheckIncludeFile.c.o  -o cmTC_2fbed 
make[1]: Leaving directory '/home/mauricio/yocto-gl/CMakeFiles/CMakeTmp'



Determining if the function pthread_create exists in the pthread passed with the following output:
Change Dir: /home/mauricio/yocto-gl/CMakeFiles/CMakeTmp

Run Build Command(s):/usr/bin/make cmTC_68e55/fast && /usr/bin/make -f CMakeFiles/cmTC_68e55.dir/build.make CMakeFiles/cmTC_68e55.dir/build
make[1]: Entering directory '/home/mauricio/yocto-gl/CMakeFiles/CMakeTmp'
Building C object CMakeFiles/cmTC_68e55.dir/CheckFunctionExists.c.o
/usr/bin/cc   -DCHECK_FUNCTION_EXISTS=pthread_create   -o CMakeFiles/cmTC_68e55.dir/CheckFunctionExists.c.o   -c /usr/share/cmake-3.17/Modules/CheckFunctionExists.c
Linking C executable cmTC_68e55
/usr/bin/cmake -E cmake_link_script CMakeFiles/cmTC_68e55.dir/link.txt --verbose=1
/usr/bin/cc  -DCHECK_FUNCTION_EXISTS=pthread_create    CMakeFiles/cmTC_68e55.dir/CheckFunctionExists.c.o  -o cmTC_68e55  -lpthread 
make[1]: Leaving directory '/home/mauricio/yocto-gl/CMakeFiles/CMakeTmp'



Determining if the function XOpenDisplay exists in the /usr/lib/libX11.so;/usr/lib/libXext.so passed with the following output:
Change Dir: /home/mauricio/yocto-gl/CMakeFiles/CMakeTmp

Run Build Command(s):/usr/bin/make cmTC_4f475/fast && /usr/bin/make -f CMakeFiles/cmTC_4f475.dir/build.make CMakeFiles/cmTC_4f475.dir/build
make[1]: Entering directory '/home/mauricio/yocto-gl/CMakeFiles/CMakeTmp'
Building C object CMakeFiles/cmTC_4f475.dir/CheckFunctionExists.c.o
/usr/bin/cc   -DCHECK_FUNCTION_EXISTS=XOpenDisplay   -o CMakeFiles/cmTC_4f475.dir/CheckFunctionExists.c.o   -c /usr/share/cmake-3.17/Modules/CheckFunctionExists.c
Linking C executable cmTC_4f475
/usr/bin/cmake -E cmake_link_script CMakeFiles/cmTC_4f475.dir/link.txt --verbose=1
/usr/bin/cc  -DCHECK_FUNCTION_EXISTS=XOpenDisplay    CMakeFiles/cmTC_4f475.dir/CheckFunctionExists.c.o  -o cmTC_4f475  /usr/lib/libX11.so /usr/lib/libXext.so 
make[1]: Leaving directory '/home/mauricio/yocto-gl/CMakeFiles/CMakeTmp'



Determining if the function gethostbyname exists passed with the following output:
Change Dir: /home/mauricio/yocto-gl/CMakeFiles/CMakeTmp

Run Build Command(s):/usr/bin/make cmTC_000d3/fast && /usr/bin/make -f CMakeFiles/cmTC_000d3.dir/build.make CMakeFiles/cmTC_000d3.dir/build
make[1]: Entering directory '/home/mauricio/yocto-gl/CMakeFiles/CMakeTmp'
Building C object CMakeFiles/cmTC_000d3.dir/CheckFunctionExists.c.o
/usr/bin/cc   -DCHECK_FUNCTION_EXISTS=gethostbyname   -o CMakeFiles/cmTC_000d3.dir/CheckFunctionExists.c.o   -c /usr/share/cmake-3.17/Modules/CheckFunctionExists.c
Linking C executable cmTC_000d3
/usr/bin/cmake -E cmake_link_script CMakeFiles/cmTC_000d3.dir/link.txt --verbose=1
/usr/bin/cc  -DCHECK_FUNCTION_EXISTS=gethostbyname    -rdynamic CMakeFiles/cmTC_000d3.dir/CheckFunctionExists.c.o  -o cmTC_000d3 
make[1]: Leaving directory '/home/mauricio/yocto-gl/CMakeFiles/CMakeTmp'



Determining if the function connect exists passed with the following output:
Change Dir: /home/mauricio/yocto-gl/CMakeFiles/CMakeTmp

Run Build Command(s):/usr/bin/make cmTC_6d994/fast && /usr/bin/make -f CMakeFiles/cmTC_6d994.dir/build.make CMakeFiles/cmTC_6d994.dir/build
make[1]: Entering directory '/home/mauricio/yocto-gl/CMakeFiles/CMakeTmp'
Building C object CMakeFiles/cmTC_6d994.dir/CheckFunctionExists.c.o
/usr/bin/cc   -DCHECK_FUNCTION_EXISTS=connect   -o CMakeFiles/cmTC_6d994.dir/CheckFunctionExists.c.o   -c /usr/share/cmake-3.17/Modules/CheckFunctionExists.c
Linking C executable cmTC_6d994
/usr/bin/cmake -E cmake_link_script CMakeFiles/cmTC_6d994.dir/link.txt --verbose=1
/usr/bin/cc  -DCHECK_FUNCTION_EXISTS=connect    -rdynamic CMakeFiles/cmTC_6d994.dir/CheckFunctionExists.c.o  -o cmTC_6d994 
make[1]: Leaving directory '/home/mauricio/yocto-gl/CMakeFiles/CMakeTmp'



Determining if the function remove exists passed with the following output:
Change Dir: /home/mauricio/yocto-gl/CMakeFiles/CMakeTmp

Run Build Command(s):/usr/bin/make cmTC_c0c36/fast && /usr/bin/make -f CMakeFiles/cmTC_c0c36.dir/build.make CMakeFiles/cmTC_c0c36.dir/build
make[1]: Entering directory '/home/mauricio/yocto-gl/CMakeFiles/CMakeTmp'
Building C object CMakeFiles/cmTC_c0c36.dir/CheckFunctionExists.c.o
/usr/bin/cc   -DCHECK_FUNCTION_EXISTS=remove   -o CMakeFiles/cmTC_c0c36.dir/CheckFunctionExists.c.o   -c /usr/share/cmake-3.17/Modules/CheckFunctionExists.c
Linking C executable cmTC_c0c36
/usr/bin/cmake -E cmake_link_script CMakeFiles/cmTC_c0c36.dir/link.txt --verbose=1
/usr/bin/cc  -DCHECK_FUNCTION_EXISTS=remove    -rdynamic CMakeFiles/cmTC_c0c36.dir/CheckFunctionExists.c.o  -o cmTC_c0c36 
make[1]: Leaving directory '/home/mauricio/yocto-gl/CMakeFiles/CMakeTmp'



Determining if the function shmat exists passed with the following output:
Change Dir: /home/mauricio/yocto-gl/CMakeFiles/CMakeTmp

Run Build Command(s):/usr/bin/make cmTC_2a005/fast && /usr/bin/make -f CMakeFiles/cmTC_2a005.dir/build.make CMakeFiles/cmTC_2a005.dir/build
make[1]: Entering directory '/home/mauricio/yocto-gl/CMakeFiles/CMakeTmp'
Building C object CMakeFiles/cmTC_2a005.dir/CheckFunctionExists.c.o
/usr/bin/cc   -DCHECK_FUNCTION_EXISTS=shmat   -o CMakeFiles/cmTC_2a005.dir/CheckFunctionExists.c.o   -c /usr/share/cmake-3.17/Modules/CheckFunctionExists.c
Linking C executable cmTC_2a005
/usr/bin/cmake -E cmake_link_script CMakeFiles/cmTC_2a005.dir/link.txt --verbose=1
/usr/bin/cc  -DCHECK_FUNCTION_EXISTS=shmat    -rdynamic CMakeFiles/cmTC_2a005.dir/CheckFunctionExists.c.o  -o cmTC_2a005 
make[1]: Leaving directory '/home/mauricio/yocto-gl/CMakeFiles/CMakeTmp'



Determining if the function IceConnectionNumber exists in the ICE passed with the following output:
Change Dir: /home/mauricio/yocto-gl/CMakeFiles/CMakeTmp

Run Build Command(s):/usr/bin/make cmTC_16e51/fast && /usr/bin/make -f CMakeFiles/cmTC_16e51.dir/build.make CMakeFiles/cmTC_16e51.dir/build
make[1]: Entering directory '/home/mauricio/yocto-gl/CMakeFiles/CMakeTmp'
Building C object CMakeFiles/cmTC_16e51.dir/CheckFunctionExists.c.o
/usr/bin/cc   -DCHECK_FUNCTION_EXISTS=IceConnectionNumber   -o CMakeFiles/cmTC_16e51.dir/CheckFunctionExists.c.o   -c /usr/share/cmake-3.17/Modules/CheckFunctionExists.c
Linking C executable cmTC_16e51
/usr/bin/cmake -E cmake_link_script CMakeFiles/cmTC_16e51.dir/link.txt --verbose=1
/usr/bin/cc  -DCHECK_FUNCTION_EXISTS=IceConnectionNumber    CMakeFiles/cmTC_16e51.dir/CheckFunctionExists.c.o  -o cmTC_16e51  -lICE 
make[1]: Leaving directory '/home/mauricio/yocto-gl/CMakeFiles/CMakeTmp'



